[1.816s] Invoking command in '/home/kai/ros2_ws/src/slam_robot': PYTHONPATH=/home/kai/ros2_ws/src/slam_robot/build/slam_robot/prefix_override:/usr/lib/python3/dist-packages/colcon_core/task/python/colcon_distutils_commands:/home/kai/ros2_ws/src/slam_robot/install/slam_robot/lib/python3.12/site-packages:${PYTHONPATH} /usr/bin/python3 -W ignore:setup.py install is deprecated -W ignore:easy_install command is deprecated setup.py egg_info --egg-base build/slam_robot build --build-base /home/kai/ros2_ws/src/slam_robot/build/slam_robot/build install --record /home/kai/ros2_ws/src/slam_robot/build/slam_robot/install.log --single-version-externally-managed install_data
[2.414s] running egg_info
[2.414s] creating build/slam_robot/slam_robot.egg-info
[2.460s] writing build/slam_robot/slam_robot.egg-info/PKG-INFO
[2.460s] writing dependency_links to build/slam_robot/slam_robot.egg-info/dependency_links.txt
[2.460s] writing requirements to build/slam_robot/slam_robot.egg-info/requires.txt
[2.461s] writing top-level names to build/slam_robot/slam_robot.egg-info/top_level.txt
[2.461s] writing manifest file 'build/slam_robot/slam_robot.egg-info/SOURCES.txt'
[2.556s] reading manifest file 'build/slam_robot/slam_robot.egg-info/SOURCES.txt'
[2.556s] adding license file 'LICENSE'
[2.557s] writing manifest file 'build/slam_robot/slam_robot.egg-info/SOURCES.txt'
[2.557s] running build
[2.557s] running build_py
[2.557s] creating /home/kai/ros2_ws/src/slam_robot/build/slam_robot/build
[2.558s] creating /home/kai/ros2_ws/src/slam_robot/build/slam_robot/build/lib
[2.558s] creating /home/kai/ros2_ws/src/slam_robot/build/slam_robot/build/lib/slam_robot
[2.558s] copying slam_robot/__init__.py -> /home/kai/ros2_ws/src/slam_robot/build/slam_robot/build/lib/slam_robot
[2.558s] running install
[2.571s] running install_lib
[2.619s] creating /home/kai/ros2_ws/src/slam_robot/install/slam_robot/lib/python3.12/site-packages/slam_robot
[2.619s] copying /home/kai/ros2_ws/src/slam_robot/build/slam_robot/build/lib/slam_robot/__init__.py -> /home/kai/ros2_ws/src/slam_robot/install/slam_robot/lib/python3.12/site-packages/slam_robot
[2.620s] byte-compiling /home/kai/ros2_ws/src/slam_robot/install/slam_robot/lib/python3.12/site-packages/slam_robot/__init__.py to __init__.cpython-312.pyc
[2.621s] running install_data
[2.621s] creating /home/kai/ros2_ws/src/slam_robot/install/slam_robot/share/ament_index
[2.621s] creating /home/kai/ros2_ws/src/slam_robot/install/slam_robot/share/ament_index/resource_index
[2.621s] creating /home/kai/ros2_ws/src/slam_robot/install/slam_robot/share/ament_index/resource_index/packages
[2.622s] copying resource/slam_robot -> /home/kai/ros2_ws/src/slam_robot/install/slam_robot/share/ament_index/resource_index/packages
[2.622s] copying package.xml -> /home/kai/ros2_ws/src/slam_robot/install/slam_robot/share/slam_robot
[2.622s] creating /home/kai/ros2_ws/src/slam_robot/install/slam_robot/share/slam_robot/launch
[2.622s] copying launch/bringup.launch.py -> /home/kai/ros2_ws/src/slam_robot/install/slam_robot/share/slam_robot/launch
[2.622s] running install_egg_info
[2.671s] Copying build/slam_robot/slam_robot.egg-info to /home/kai/ros2_ws/src/slam_robot/install/slam_robot/lib/python3.12/site-packages/slam_robot-0.0.0-py3.12.egg-info
[2.673s] running install_scripts
[2.971s] writing list of installed files to '/home/kai/ros2_ws/src/slam_robot/build/slam_robot/install.log'
[3.019s] Invoked command in '/home/kai/ros2_ws/src/slam_robot' returned '0': PYTHONPATH=/home/kai/ros2_ws/src/slam_robot/build/slam_robot/prefix_override:/usr/lib/python3/dist-packages/colcon_core/task/python/colcon_distutils_commands:/home/kai/ros2_ws/src/slam_robot/install/slam_robot/lib/python3.12/site-packages:${PYTHONPATH} /usr/bin/python3 -W ignore:setup.py install is deprecated -W ignore:easy_install command is deprecated setup.py egg_info --egg-base build/slam_robot build --build-base /home/kai/ros2_ws/src/slam_robot/build/slam_robot/build install --record /home/kai/ros2_ws/src/slam_robot/build/slam_robot/install.log --single-version-externally-managed install_data
