[1.776s] Invoking command in '/home/kai/ros2_ws/src/slam_robot': PYTHONPATH=/home/kai/ros2_ws/src/slam_robot/build/slam_robot/prefix_override:/usr/lib/python3/dist-packages/colcon_core/task/python/colcon_distutils_commands:/home/kai/ros2_ws/src/slam_robot/install/slam_robot/lib/python3.12/site-packages:${PYTHONPATH} /usr/bin/python3 -W ignore:setup.py install is deprecated -W ignore:easy_install command is deprecated setup.py egg_info --egg-base build/slam_robot build --build-base /home/kai/ros2_ws/src/slam_robot/build/slam_robot/build install --record /home/kai/ros2_ws/src/slam_robot/build/slam_robot/install.log --single-version-externally-managed install_data
[2.398s] running egg_info
[2.445s] writing build/slam_robot/slam_robot.egg-info/PKG-INFO
[2.445s] writing dependency_links to build/slam_robot/slam_robot.egg-info/dependency_links.txt
[2.446s] writing requirements to build/slam_robot/slam_robot.egg-info/requires.txt
[2.446s] writing top-level names to build/slam_robot/slam_robot.egg-info/top_level.txt
[2.541s] reading manifest file 'build/slam_robot/slam_robot.egg-info/SOURCES.txt'
[2.541s] adding license file 'LICENSE'
[2.543s] writing manifest file 'build/slam_robot/slam_robot.egg-info/SOURCES.txt'
[2.544s] running build
[2.544s] running build_py
[2.545s] running install
[2.557s] running install_lib
[2.606s] running install_data
[2.606s] running install_egg_info
[2.655s] removing '/home/kai/ros2_ws/src/slam_robot/install/slam_robot/lib/python3.12/site-packages/slam_robot-0.0.0-py3.12.egg-info' (and everything under it)
[2.656s] Copying build/slam_robot/slam_robot.egg-info to /home/kai/ros2_ws/src/slam_robot/install/slam_robot/lib/python3.12/site-packages/slam_robot-0.0.0-py3.12.egg-info
[2.657s] running install_scripts
[2.954s] writing list of installed files to '/home/kai/ros2_ws/src/slam_robot/build/slam_robot/install.log'
[3.002s] Invoked command in '/home/kai/ros2_ws/src/slam_robot' returned '0': PYTHONPATH=/home/kai/ros2_ws/src/slam_robot/build/slam_robot/prefix_override:/usr/lib/python3/dist-packages/colcon_core/task/python/colcon_distutils_commands:/home/kai/ros2_ws/src/slam_robot/install/slam_robot/lib/python3.12/site-packages:${PYTHONPATH} /usr/bin/python3 -W ignore:setup.py install is deprecated -W ignore:easy_install command is deprecated setup.py egg_info --egg-base build/slam_robot build --build-base /home/kai/ros2_ws/src/slam_robot/build/slam_robot/build install --record /home/kai/ros2_ws/src/slam_robot/build/slam_robot/install.log --single-version-externally-managed install_data
